

HI-TECH Software PIC PRO Macro Assembler V9.71a build 6446 
                                                                                               Sat Apr 11 22:32:09 2015

HI-TECH Software Omniscient Code Generator (PRO mode) build 6446
     1                           	processor	16F628
     2                           	opt	pw 120
     3                           	opt	pm
     4                           	psect	config,global,class=CONFIG,delta=2
     5                           	psect	text42,local,class=CODE,delta=2
     6                           	psect	cinit,global,class=CODE,delta=2
     7                           	psect	bssCOMMON,global,class=COMMON,space=1,delta=1
     8                           	psect	cstackCOMMON,global,class=COMMON,space=1,delta=1
     9                           	psect	maintext,global,class=CODE,delta=2
    10                           	psect	text43,local,class=CODE,delta=2
    11                           	psect	text44,local,class=CODE,delta=2
    12                           	psect	intentry,global,class=CODE,delta=2
    13                           	psect	text45,local,class=CODE,delta=2
    14                           	psect	pa_nodes,global,class=CODE,delta=2
    15                           	dabs	1,0x7E,2
    16  000A                     	;#
    17                           
    18                           	psect	config
    19  2007  3F01               	dw	16129	;#
    20                           
    21                           	psect	text42
    22  0000                     __ptext42:	
    23  0017                     _CCP1CON	set	23
    24  001F                     _CMCON	set	31
    25  000B                     _INTCON	set	11
    26  0005                     _PORTA	set	5
    27  0006                     _PORTB	set	6
    28  0012                     _T2CON	set	18
    29  005F                     _GIE	set	95
    30  005E                     _PEIE	set	94
    31  0036                     _RB6	set	54
    32  0037                     _RB7	set	55
    33  0061                     _TMR2IF	set	97
    34  0092                     _PR2	set	146
    35  0085                     _TRISA	set	133
    36  0086                     _TRISB	set	134
    37  0461                     _TMR2IE	set	1121
    38                           
    39                           	psect	cinit
    40  0113                     start_initialization:	
    41                           
    42                           ; Clear objects allocated to COMMON
    43  0113  01F0               	clrf	__pbssCOMMON& (0+127)
    44  0114  01F1               	clrf	(__pbssCOMMON+1)& (0+127)
    45  0115  01F2               	clrf	(__pbssCOMMON+2)& (0+127)
    46  0116  01F3               	clrf	(__pbssCOMMON+3)& (0+127)
    47  0117  01F4               	clrf	(__pbssCOMMON+4)& (0+127)
    48  0118  01F5               	clrf	(__pbssCOMMON+5)& (0+127)
    49  0119  01F6               	clrf	(__pbssCOMMON+6)& (0+127)
    50  011A  01F7               	clrf	(__pbssCOMMON+7)& (0+127)
    51  011B                     end_of_initialization:	
    52                           ;End of C runtime variable initialization code
    53                           
    54  011B  0183               	clrf	3
    55  011C  280B               	ljmp	_main	;jump to C main() function
    56                           
    57                           	psect	bssCOMMON
    58  0070                     __pbssCOMMON:	
    59  0070                     _timer_count:	
    60  0070                     	ds	2
    61  0072                     _mp_1:	
    62  0072                     	ds	1
    63  0073                     _mp_10:	
    64  0073                     	ds	1
    65  0074                     _ora_1:	
    66  0074                     	ds	1
    67  0075                     _ora_10:	
    68  0075                     	ds	1
    69  0076                     _perc_1:	
    70  0076                     	ds	1
    71  0077                     _perc_10:	
    72  0077                     	ds	1
    73                           
    74                           	psect	cstackCOMMON
    75  0078                     __pcstackCOMMON:	
    76  0078                     ?_init_setup:	
    77  0078                     ??_isr:	
    78                           ; 0 bytes @ 0x0
    79                           
    80  0078                     ?_main:	
    81                           ; 0 bytes @ 0x0
    82                           
    83  0078                     ?_isr:	
    84                           ; 0 bytes @ 0x0
    85                           
    86                           
    87                           ; 2 bytes @ 0x0
    88  0078                     	ds	2
    89  007A                     ??_init_setup:	
    90  007A                     ??_main:	
    91                           ; 0 bytes @ 0x2
    92                           
    93                           
    94                           ; 0 bytes @ 0x2
    95  007A                     	ds	1
    96  007B                     main@i:	
    97                           
    98                           ; 1 bytes @ 0x3
    99  007B                     	ds	1
   100                           
   101                           	psect	maintext
   102  000B                     __pmaintext:	
   103 ;;Data sizes: Strings 0, constant 0, data 0, bss 8, persistent 0 stack 0
   104 ;;Auto spaces:   Size  Autos    Used
   105 ;; COMMON          14      4      12
   106 ;; BANK0           80      0       0
   107 ;; BANK1           80      0       0
   108 ;; BANK2           48      0       0
   109 ;;
   110 ;; Pointer list with targets:
   111 ;;
   112 ;; Critical Paths under _main in COMMON
   113 ;;
   114 ;;   None.
   115 ;;
   116 ;; Critical Paths under _isr in COMMON
   117 ;;
   118 ;;   None.
   119 ;;
   120 ;; Critical Paths under _main in BANK0
   121 ;;
   122 ;;   None.
   123 ;;
   124 ;; Critical Paths under _isr in BANK0
   125 ;;
   126 ;;   None.
   127 ;;
   128 ;; Critical Paths under _main in BANK1
   129 ;;
   130 ;;   None.
   131 ;;
   132 ;; Critical Paths under _isr in BANK1
   133 ;;
   134 ;;   None.
   135 ;;
   136 ;; Critical Paths under _main in BANK2
   137 ;;
   138 ;;   None.
   139 ;;
   140 ;; Critical Paths under _isr in BANK2
   141 ;;
   142 ;;   None.
   143 ;;
   144 ;;Main: autosize = 0, tempsize = 1, incstack = 0, save=0
   145 ;;
   146 ;;
   147 ;;Call Graph Tables:
   148 ;;
   149 ;; ---------------------------------------------------------------------------------
   150 ;; (Depth) Function   	        Calls       Base Space   Used Autos Params    Refs
   151 ;; ---------------------------------------------------------------------------------
   152 ;; (0) _main                                                 2     2      0     135
   153 ;;                                              2 COMMON     2     2      0
   154 ;;                         _init_setup
   155 ;; ---------------------------------------------------------------------------------
   156 ;; (1) _init_setup                                           0     0      0       0
   157 ;; ---------------------------------------------------------------------------------
   158 ;; Estimated maximum stack depth 1
   159 ;; ---------------------------------------------------------------------------------
   160 ;; (Depth) Function   	        Calls       Base Space   Used Autos Params    Refs
   161 ;; ---------------------------------------------------------------------------------
   162 ;; (2) _isr                                                  2     2      0       0
   163 ;;                                              0 COMMON     2     2      0
   164 ;; ---------------------------------------------------------------------------------
   165 ;; Estimated maximum stack depth 2
   166 ;; ---------------------------------------------------------------------------------
   167 ;; Call Graph Graphs:
   168 ;; _main (ROOT)
   169 ;;   _init_setup
   170 ;;
   171 ;; _isr (ROOT)
   172 ;;
   173 ;; Address spaces:
   174 ;;Name               Size   Autos  Total    Cost      Usage
   175 ;;BITCOMMON            E      0       0       0        0.0%
   176 ;;EEDATA              80      0       0       0        0.0%
   177 ;;NULL                 0      0       0       0        0.0%
   178 ;;CODE                 0      0       0       0        0.0%
   179 ;;COMMON               E      4       C       1       85.7%
   180 ;;BITSFR0              0      0       0       1        0.0%
   181 ;;SFR0                 0      0       0       1        0.0%
   182 ;;BITSFR1              0      0       0       2        0.0%
   183 ;;SFR1                 0      0       0       2        0.0%
   184 ;;STACK                0      0       1       2        0.0%
   185 ;;BANK0               50      0       0       3        0.0%
   186 ;;BITSFR3              0      0       0       4        0.0%
   187 ;;SFR3                 0      0       0       4        0.0%
   188 ;;ABS                  0      0       C       4        0.0%
   189 ;;BITBANK0            50      0       0       5        0.0%
   190 ;;BITSFR2              0      0       0       5        0.0%
   191 ;;SFR2                 0      0       0       5        0.0%
   192 ;;BITBANK1            50      0       0       6        0.0%
   193 ;;BANK1               50      0       0       7        0.0%
   194 ;;BITBANK2            30      0       0       8        0.0%
   195 ;;BANK2               30      0       0       9        0.0%
   196 ;;DATA                 0      0       D      10        0.0%
   197                           
   198                           
   199 ;; *************** function _main *****************
   200 ;; Defined at:
   201 ;;		line 72 in file "C:\Users\DPTP\Dropbox\PIC_Programozas\P16F628\binaris_ora\main.c"
   202 ;; Parameters:    Size  Location     Type
   203 ;;		None
   204 ;; Auto vars:     Size  Location     Type
   205 ;;  i               1    3[COMMON] unsigned char 
   206 ;; Return value:  Size  Location     Type
   207 ;;		None               void
   208 ;; Registers used:
   209 ;;		wreg, status,2, status,0, pclath, cstack
   210 ;; Tracked objects:
   211 ;;		On entry : 17F/0
   212 ;;		On exit  : 0/0
   213 ;;		Unchanged: 0/0
   214 ;; Data sizes:     COMMON   BANK0   BANK1   BANK2
   215 ;;      Params:         0       0       0       0
   216 ;;      Locals:         1       0       0       0
   217 ;;      Temps:          1       0       0       0
   218 ;;      Totals:         2       0       0       0
   219 ;;Total ram usage:        2 bytes
   220 ;; Hardware stack levels required when called:    2
   221 ;; This function calls:
   222 ;;		_init_setup
   223 ;; This function is called by:
   224 ;;		Startup code after reset
   225 ;; This function uses a non-reentrant model
   226 ;;
   227  000B                     _main:	
   228                           
   229                           ;main.c: 73: unsigned char i;
   230                           ;main.c: 75: init_setup();
   231                           
   232                           ; Regs used in _main: [wreg+status,2+status,0+pclath+cstack]
   233  000B  20FC               	fcall	_init_setup
   234  000C                     l833:	
   235                           
   236                           ;main.c: 79: if(RB6==1){
   237  000C  1283               	bcf	3,5	;RP0=0, select bank0
   238  000D  1303               	bcf	3,6	;RP1=0, select bank0
   239  000E  1F06               	btfss	6,6
   240  000F  281F               	goto	l357
   241  0010                     l358:	
   242  0010  1B06               	btfsc	6,6
   243  0011  2810               	goto	l358
   244                           
   245                           ;main.c: 81: perc_1++;
   246  0012  0AF6               	incf	_perc_1,f
   247                           
   248                           ;main.c: 82: if(perc_1==10){
   249  0013  0876               	movf	_perc_1,w
   250  0014  3A0A               	xorlw	10
   251  0015  1D03               	skipz
   252  0016  2834               	goto	l363
   253                           
   254                           ;main.c: 83: perc_1 = 0;
   255  0017  01F6               	clrf	_perc_1
   256                           
   257                           ;main.c: 84: perc_10++;
   258  0018  0AF7               	incf	_perc_10,f
   259                           
   260                           ;main.c: 85: if(perc_10==6){
   261  0019  0877               	movf	_perc_10,w
   262  001A  3A06               	xorlw	6
   263  001B  1D03               	skipz
   264  001C  2834               	goto	l363
   265                           
   266                           ;main.c: 86: perc_10 = 0;
   267  001D  01F7               	clrf	_perc_10
   268  001E  2834               	goto	l363
   269  001F                     l357:	
   270  001F  1F86               	btfss	6,7
   271  0020  2834               	goto	l363
   272  0021                     l365:	
   273  0021  1B86               	btfsc	6,7
   274  0022  2821               	goto	l365
   275                           
   276                           ;main.c: 91: ora_1++;
   277  0023  0AF4               	incf	_ora_1,f
   278                           
   279                           ;main.c: 92: if(ora_1==10){
   280  0024  0874               	movf	_ora_1,w
   281  0025  3A0A               	xorlw	10
   282  0026  1D03               	skipz
   283  0027  2834               	goto	l363
   284                           
   285                           ;main.c: 93: ora_1 = 0;
   286  0028  01F4               	clrf	_ora_1
   287                           
   288                           ;main.c: 94: ora_10++;
   289  0029  0AF5               	incf	_ora_10,f
   290                           
   291                           ;main.c: 95: if(ora_10==2 & ora_1==4){
   292  002A  0875               	movf	_ora_10,w
   293  002B  3A02               	xorlw	2
   294  002C  1D03               	skipz
   295  002D  2834               	goto	l363
   296  002E  0874               	movf	_ora_1,w
   297  002F  3A04               	xorlw	4
   298  0030  1D03               	skipz
   299  0031  2834               	goto	l363
   300                           
   301                           ;main.c: 96: ora_1 = 0;
   302  0032  01F4               	clrf	_ora_1
   303                           
   304                           ;main.c: 97: ora_10 = 0;
   305  0033  01F5               	clrf	_ora_10
   306  0034                     l363:	
   307                           
   308                           ;main.c: 98: }
   309                           ;main.c: 99: }
   310                           ;main.c: 100: }
   311                           ;main.c: 102: for(i=0; i<6; i++){
   312  0034  01FB               	clrf	main@i
   313  0035                     l865:	
   314  0035  3006               	movlw	6
   315  0036  027B               	subwf	main@i,w
   316  0037  1803               	btfsc	3,0
   317  0038  28AC               	goto	l915
   318                           
   319                           ;main.c: 103: PORTB = (0x01<<i);
   320  0039  3001               	movlw	1
   321  003A  00FA               	movwf	??_main
   322  003B  0A7B               	incf	main@i,w
   323  003C  283F               	goto	u194
   324  003D                     u195:	
   325  003D  1003               	clrc
   326  003E  0DFA               	rlf	??_main,f
   327  003F                     u194:	
   328  003F  3EFF               	addlw	-1
   329  0040  1D03               	skipz
   330  0041  283D               	goto	u195
   331  0042  087A               	movf	??_main,w
   332  0043  1283               	bcf	3,5	;RP0=0, select bank0
   333  0044  1303               	bcf	3,6	;RP1=0, select bank0
   334  0045  0086               	movwf	6	;volatile
   335                           
   336                           ;main.c: 104: if(i==0){
   337  0046  08FB               	movf	main@i,f
   338  0047  1D03               	skipz
   339  0048  2853               	goto	l877
   340                           
   341                           ;main.c: 105: PORTA = ora_10;
   342  0049  0875               	movf	_ora_10,w
   343  004A  0085               	movwf	5	;volatile
   344                           
   345                           ;main.c: 106: _delay((unsigned long)((1)*(4000000/4000.0)));
   346  004B  30F9               	movlw	249
   347  004C  00FA               	movwf	??_main
   348  004D                     u267:	
   349  004D  0064               	clrwdt
   350  004E  0BFA               	decfsz	??_main,f
   351  004F  284D               	goto	u267
   352  0050  2851               	nop2	;nop
   353  0051  0064               	clrwdt
   354                           
   355                           ;main.c: 108: }else if(i==1){
   356  0052  2896               	goto	l875
   357  0053                     l877:	
   358  0053  0B7B               	decfsz	main@i,w
   359  0054  285F               	goto	l883
   360                           
   361                           ;main.c: 109: PORTA = ora_1;
   362  0055  0874               	movf	_ora_1,w
   363  0056  0085               	movwf	5	;volatile
   364                           
   365                           ;main.c: 110: _delay((unsigned long)((1)*(4000000/4000.0)));
   366  0057  30F9               	movlw	249
   367  0058  00FA               	movwf	??_main
   368  0059                     u277:	
   369  0059  0064               	clrwdt
   370  005A  0BFA               	decfsz	??_main,f
   371  005B  2859               	goto	u277
   372  005C  285D               	nop2	;nop
   373  005D  0064               	clrwdt
   374  005E  2896               	goto	l875
   375  005F                     l883:	
   376  005F  087B               	movf	main@i,w
   377  0060  3A02               	xorlw	2
   378  0061  1D03               	skipz
   379  0062  286D               	goto	l889
   380                           
   381                           ;main.c: 113: PORTA = perc_10;
   382  0063  0877               	movf	_perc_10,w
   383  0064  0085               	movwf	5	;volatile
   384                           
   385                           ;main.c: 114: _delay((unsigned long)((1)*(4000000/4000.0)));
   386  0065  30F9               	movlw	249
   387  0066  00FA               	movwf	??_main
   388  0067                     u287:	
   389  0067  0064               	clrwdt
   390  0068  0BFA               	decfsz	??_main,f
   391  0069  2867               	goto	u287
   392  006A  286B               	nop2	;nop
   393  006B  0064               	clrwdt
   394  006C  2896               	goto	l875
   395  006D                     l889:	
   396  006D  087B               	movf	main@i,w
   397  006E  3A03               	xorlw	3
   398  006F  1D03               	skipz
   399  0070  287B               	goto	l895
   400                           
   401                           ;main.c: 117: PORTA = perc_1;
   402  0071  0876               	movf	_perc_1,w
   403  0072  0085               	movwf	5	;volatile
   404                           
   405                           ;main.c: 118: _delay((unsigned long)((1)*(4000000/4000.0)));
   406  0073  30F9               	movlw	249
   407  0074  00FA               	movwf	??_main
   408  0075                     u297:	
   409  0075  0064               	clrwdt
   410  0076  0BFA               	decfsz	??_main,f
   411  0077  2875               	goto	u297
   412  0078  2879               	nop2	;nop
   413  0079  0064               	clrwdt
   414  007A  2896               	goto	l875
   415  007B                     l895:	
   416  007B  087B               	movf	main@i,w
   417  007C  3A04               	xorlw	4
   418  007D  1D03               	skipz
   419  007E  2889               	goto	l901
   420                           
   421                           ;main.c: 121: PORTA = mp_10;
   422  007F  0873               	movf	_mp_10,w
   423  0080  0085               	movwf	5	;volatile
   424                           
   425                           ;main.c: 122: _delay((unsigned long)((1)*(4000000/4000.0)));
   426  0081  30F9               	movlw	249
   427  0082  00FA               	movwf	??_main
   428  0083                     u307:	
   429  0083  0064               	clrwdt
   430  0084  0BFA               	decfsz	??_main,f
   431  0085  2883               	goto	u307
   432  0086  2887               	nop2	;nop
   433  0087  0064               	clrwdt
   434  0088  2896               	goto	l875
   435  0089                     l901:	
   436  0089  087B               	movf	main@i,w
   437  008A  3A05               	xorlw	5
   438  008B  1D03               	skipz
   439  008C  2899               	goto	l907
   440                           
   441                           ;main.c: 125: PORTA = mp_1;
   442  008D  0872               	movf	_mp_1,w
   443  008E  0085               	movwf	5	;volatile
   444                           
   445                           ;main.c: 126: _delay((unsigned long)((1)*(4000000/4000.0)));
   446  008F  30F9               	movlw	249
   447  0090  00FA               	movwf	??_main
   448  0091                     u317:	
   449  0091  0064               	clrwdt
   450  0092  0BFA               	decfsz	??_main,f
   451  0093  2891               	goto	u317
   452  0094  2895               	nop2	;nop
   453  0095  0064               	clrwdt
   454  0096                     l875:	
   455                           
   456                           ;main.c: 107: PORTA = 0;
   457  0096  1283               	bcf	3,5	;RP0=0, select bank0
   458  0097  1303               	bcf	3,6	;RP1=0, select bank0
   459  0098  0185               	clrf	5	;volatile
   460  0099                     l907:	
   461                           
   462                           ;main.c: 128: }
   463                           ;main.c: 130: _delay((unsigned long)((1)*(4000000/4000.0)));
   464  0099  30F9               	movlw	249
   465  009A  00FA               	movwf	??_main
   466  009B                     u327:	
   467  009B  0064               	clrwdt
   468  009C  0BFA               	decfsz	??_main,f
   469  009D  289B               	goto	u327
   470  009E  289F               	nop2	;nop
   471  009F  0064               	clrwdt
   472                           
   473                           ;main.c: 131: PORTB = 0;
   474  00A0  1283               	bcf	3,5	;RP0=0, select bank0
   475  00A1  1303               	bcf	3,6	;RP1=0, select bank0
   476  00A2  0186               	clrf	6	;volatile
   477                           
   478                           ;main.c: 132: _delay((unsigned long)((1)*(4000000/4000.0)));
   479  00A3  30F9               	movlw	249
   480  00A4  00FA               	movwf	??_main
   481  00A5                     u337:	
   482  00A5  0064               	clrwdt
   483  00A6  0BFA               	decfsz	??_main,f
   484  00A7  28A5               	goto	u337
   485  00A8  28A9               	nop2	;nop
   486  00A9  0064               	clrwdt
   487  00AA  0AFB               	incf	main@i,f
   488  00AB  2835               	goto	l865
   489  00AC                     l915:	
   490                           
   491                           ;main.c: 134: }
   492                           ;main.c: 136: _delay((unsigned long)((1)*(4000000/4000.0)));
   493  00AC  30F9               	movlw	249
   494  00AD  00FA               	movwf	??_main
   495  00AE                     u347:	
   496  00AE  0064               	clrwdt
   497  00AF  0BFA               	decfsz	??_main,f
   498  00B0  28AE               	goto	u347
   499  00B1  28B2               	nop2	;nop
   500  00B2  0064               	clrwdt
   501  00B3  280C               	goto	l833
   502  00B4                     __end_of_main:	
   503                           
   504                           	psect	text43
   505  00FC                     __ptext43:	
   506 ;; =============== function _main ends ============
   507                           
   508                           
   509 ;; *************** function _init_setup *****************
   510 ;; Defined at:
   511 ;;		line 142 in file "C:\Users\DPTP\Dropbox\PIC_Programozas\P16F628\binaris_ora\main.c"
   512 ;; Parameters:    Size  Location     Type
   513 ;;		None
   514 ;; Auto vars:     Size  Location     Type
   515 ;;		None
   516 ;; Return value:  Size  Location     Type
   517 ;;		None               void
   518 ;; Registers used:
   519 ;;		wreg, status,2
   520 ;; Tracked objects:
   521 ;;		On entry : 17F/0
   522 ;;		On exit  : 17F/0
   523 ;;		Unchanged: FFE80/0
   524 ;; Data sizes:     COMMON   BANK0   BANK1   BANK2
   525 ;;      Params:         0       0       0       0
   526 ;;      Locals:         0       0       0       0
   527 ;;      Temps:          0       0       0       0
   528 ;;      Totals:         0       0       0       0
   529 ;;Total ram usage:        0 bytes
   530 ;; Hardware stack levels used:    1
   531 ;; Hardware stack levels required when called:    1
   532 ;; This function calls:
   533 ;;		Nothing
   534 ;; This function is called by:
   535 ;;		_main
   536 ;; This function uses a non-reentrant model
   537 ;;
   538  00FC                     _init_setup:	
   539                           
   540                           ;main.c: 143: CMCON = 7;
   541                           
   542                           ; Regs used in _init_setup: [wreg+status,2]
   543  00FC  3007               	movlw	7
   544  00FD  009F               	movwf	31	;volatile
   545                           
   546                           ;main.c: 144: CCP1CON = 0;
   547  00FE  0197               	clrf	23	;volatile
   548                           
   549                           ;main.c: 145: INTCON = 0;
   550  00FF  018B               	clrf	11	;volatile
   551                           
   552                           ;main.c: 146: PEIE = 1;
   553  0100  170B               	bsf	11,6
   554                           
   555                           ;main.c: 147: GIE = 1;
   556  0101  178B               	bsf	11,7
   557                           
   558                           ;main.c: 150: PR2 = 249;
   559  0102  30F9               	movlw	249
   560  0103  1683               	bsf	3,5	;RP0=1, select bank1
   561  0104  0092               	movwf	18	;volatile
   562                           
   563                           ;main.c: 151: T2CON = 5;
   564  0105  3005               	movlw	5
   565  0106  1283               	bcf	3,5	;RP0=0, select bank0
   566  0107  0092               	movwf	18	;volatile
   567                           
   568                           ;main.c: 152: TMR2IE = 1;
   569  0108  1683               	bsf	3,5	;RP0=1, select bank1
   570  0109  148C               	bsf	12,1
   571                           
   572                           ;main.c: 153: PEIE = 1;
   573  010A  170B               	bsf	11,6
   574                           
   575                           ;main.c: 154: GIE = 1;
   576  010B  178B               	bsf	11,7
   577                           
   578                           ;main.c: 156: TRISA = 0;
   579  010C  0185               	clrf	5	;volatile
   580                           
   581                           ;main.c: 157: TRISB = 0b11000000;
   582  010D  30C0               	movlw	192
   583  010E  0086               	movwf	6	;volatile
   584                           
   585                           ;main.c: 160: RB6 = 0;
   586  010F  1283               	bcf	3,5	;RP0=0, select bank0
   587  0110  1306               	bcf	6,6
   588                           
   589                           ;main.c: 161: RB7 = 0;
   590  0111  1386               	bcf	6,7
   591  0112  0008               	return
   592  0113                     __end_of_init_setup:	
   593                           
   594                           	psect	text44
   595  00B4                     __ptext44:	
   596 ;; =============== function _init_setup ends ============
   597                           
   598                           
   599 ;; *************** function _isr *****************
   600 ;; Defined at:
   601 ;;		line 26 in file "C:\Users\DPTP\Dropbox\PIC_Programozas\P16F628\binaris_ora\main.c"
   602 ;; Parameters:    Size  Location     Type
   603 ;;		None
   604 ;; Auto vars:     Size  Location     Type
   605 ;;		None
   606 ;; Return value:  Size  Location     Type
   607 ;;                  2  340[COMMON] int 
   608 ;; Registers used:
   609 ;;		wreg, status,2, status,0
   610 ;; Tracked objects:
   611 ;;		On entry : 0/0
   612 ;;		On exit  : 60/0
   613 ;;		Unchanged: FFF9F/0
   614 ;; Data sizes:     COMMON   BANK0   BANK1   BANK2
   615 ;;      Params:         0       0       0       0
   616 ;;      Locals:         0       0       0       0
   617 ;;      Temps:          2       0       0       0
   618 ;;      Totals:         2       0       0       0
   619 ;;Total ram usage:        2 bytes
   620 ;; Hardware stack levels used:    1
   621 ;; This function calls:
   622 ;;		Nothing
   623 ;; This function is called by:
   624 ;;		Interrupt level 1
   625 ;; This function uses a non-reentrant model
   626 ;;
   627  00B4                     _isr:	
   628                           
   629                           ;main.c: 27: timer_count++;
   630  00B4  0AF0               	incf	_timer_count,f
   631  00B5  1903               	skipnz
   632  00B6  0AF1               	incf	_timer_count+1,f
   633                           
   634                           ;main.c: 28: if(timer_count == 1000){
   635  00B7  0871               	movf	_timer_count+1,w
   636  00B8  3A03               	xorlw	3
   637  00B9  30E8               	movlw	232
   638  00BA  1903               	skipnz
   639  00BB  0670               	xorwf	_timer_count,w
   640  00BC  1D03               	skipz
   641  00BD  28F2               	goto	i1l805
   642                           
   643                           ;main.c: 29: timer_count = 0;
   644  00BE  01F0               	clrf	_timer_count
   645  00BF  01F1               	clrf	_timer_count+1
   646                           
   647                           ;main.c: 30: if(mp_1<9){
   648  00C0  3009               	movlw	9
   649  00C1  0272               	subwf	_mp_1,w
   650  00C2  1803               	skipnc
   651  00C3  28C6               	goto	i1l771
   652                           
   653                           ;main.c: 31: mp_1++;
   654  00C4  0AF2               	incf	_mp_1,f
   655                           
   656                           ;main.c: 32: }else{
   657  00C5  28E4               	goto	i1l799
   658  00C6                     i1l771:	
   659                           
   660                           ;main.c: 33: mp_1 = 0;
   661  00C6  01F2               	clrf	_mp_1
   662                           
   663                           ;main.c: 35: if(mp_10<5){
   664  00C7  3005               	movlw	5
   665  00C8  0273               	subwf	_mp_10,w
   666  00C9  1803               	skipnc
   667  00CA  28CD               	goto	i1l777
   668                           
   669                           ;main.c: 36: mp_10++;
   670  00CB  0AF3               	incf	_mp_10,f
   671                           
   672                           ;main.c: 37: }else{
   673  00CC  28E4               	goto	i1l799
   674  00CD                     i1l777:	
   675                           
   676                           ;main.c: 38: mp_10 = 0;
   677  00CD  01F3               	clrf	_mp_10
   678                           
   679                           ;main.c: 40: if(perc_1<9){
   680  00CE  3009               	movlw	9
   681  00CF  0276               	subwf	_perc_1,w
   682  00D0  1803               	skipnc
   683  00D1  28D4               	goto	i1l783
   684                           
   685                           ;main.c: 41: perc_1++;
   686  00D2  0AF6               	incf	_perc_1,f
   687                           
   688                           ;main.c: 42: }else{
   689  00D3  28E4               	goto	i1l799
   690  00D4                     i1l783:	
   691                           
   692                           ;main.c: 43: perc_1 = 0;
   693  00D4  01F6               	clrf	_perc_1
   694                           
   695                           ;main.c: 45: if(perc_10<5){
   696  00D5  3005               	movlw	5
   697  00D6  0277               	subwf	_perc_10,w
   698  00D7  1803               	skipnc
   699  00D8  28DB               	goto	i1l789
   700                           
   701                           ;main.c: 46: perc_10++;
   702  00D9  0AF7               	incf	_perc_10,f
   703                           
   704                           ;main.c: 47: }else{
   705  00DA  28E4               	goto	i1l799
   706  00DB                     i1l789:	
   707                           
   708                           ;main.c: 48: perc_10 = 0;
   709  00DB  01F7               	clrf	_perc_10
   710                           
   711                           ;main.c: 50: if(ora_1<9){
   712  00DC  3009               	movlw	9
   713  00DD  0274               	subwf	_ora_1,w
   714  00DE  1803               	skipnc
   715  00DF  28E2               	goto	i1l795
   716                           
   717                           ;main.c: 51: ora_1++;
   718  00E0  0AF4               	incf	_ora_1,f
   719                           
   720                           ;main.c: 52: }else{
   721  00E1  28E4               	goto	i1l799
   722  00E2                     i1l795:	
   723                           
   724                           ;main.c: 53: ora_1 = 0;
   725  00E2  01F4               	clrf	_ora_1
   726                           
   727                           ;main.c: 54: ora_10++;
   728  00E3  0AF5               	incf	_ora_10,f
   729  00E4                     i1l799:	
   730                           
   731                           ;main.c: 55: }
   732                           ;main.c: 56: }
   733                           ;main.c: 57: }
   734                           ;main.c: 58: }
   735                           ;main.c: 59: }
   736                           ;main.c: 60: if(ora_10==2 & ora_1==4){
   737  00E4  0875               	movf	_ora_10,w
   738  00E5  3A02               	xorlw	2
   739  00E6  1D03               	skipz
   740  00E7  28F2               	goto	i1l805
   741  00E8  0874               	movf	_ora_1,w
   742  00E9  3A04               	xorlw	4
   743  00EA  1D03               	skipz
   744  00EB  28F2               	goto	i1l805
   745                           
   746                           ;main.c: 61: ora_10 = 0;
   747  00EC  01F5               	clrf	_ora_10
   748                           
   749                           ;main.c: 62: ora_1 = 0;
   750  00ED  01F4               	clrf	_ora_1
   751                           
   752                           ;main.c: 63: perc_10 = 0;
   753  00EE  01F7               	clrf	_perc_10
   754                           
   755                           ;main.c: 64: perc_1 = 0;
   756  00EF  01F6               	clrf	_perc_1
   757                           
   758                           ;main.c: 65: mp_10 = 0;
   759  00F0  01F3               	clrf	_mp_10
   760                           
   761                           ;main.c: 66: mp_1 = 0;
   762  00F1  01F2               	clrf	_mp_1
   763  00F2                     i1l805:	
   764                           
   765                           ;main.c: 67: }
   766                           ;main.c: 68: }
   767                           ;main.c: 69: TMR2IF = 0;
   768  00F2  1283               	bcf	3,5	;RP0=0, select bank0
   769  00F3  1303               	bcf	3,6	;RP1=0, select bank0
   770  00F4  108C               	bcf	12,1
   771  00F5  0879               	movf	??_isr+1,w
   772  00F6  008A               	movwf	10
   773  00F7  0878               	movf	??_isr,w
   774  00F8  0083               	movwf	3
   775  00F9  0EFE               	swapf	126,f
   776  00FA  0E7E               	swapf	126,w
   777  00FB  0009               	retfie
   778  00FC                     __end_of_isr:	
   779                           
   780                           	psect	intentry
   781  0004                     __pintentry:	
   782                           ; Regs used in _isr: [wreg+status,2+status,0]
   783                           
   784  0004                     interrupt_function:	
   785  007E                     saved_w	set	btemp
   786  0004  00FE               	movwf	btemp
   787  0005  0803               	movf	3,w
   788  0006  00F8               	movwf	??_isr
   789  0007  080A               	movf	10,w
   790  0008  00F9               	movwf	??_isr+1
   791  0009  28B4               	ljmp	_isr
   792                           
   793                           	psect	text45
   794  0000                     __ptext45:	
   795 ;; =============== function _isr ends ============
   796                           
   797  007E                     btemp	set	126	;btemp
   798  007E                     wtemp0	set	126


HI-TECH Software PICC Macro Assembler V9.71a build 6446 
Symbol Table                                                                                   Sat Apr 11 22:32:09 2015

                 l363 0034                   l365 0021                   l357 001F                   l358 0010  
                 l811 0000                   l388 0000                   l821 0000                   l813 0000  
                 l901 0089                   l823 0000                   l815 0000                   l807 0000  
                 l911 0000                   l831 0000                   l825 0000                   l817 0000  
                 l809 0000                   l833 000C                   l827 0000                   l819 0000  
                 l907 0099                   l915 00AC                   l843 0000                   l829 0000  
                 l909 0000                   l853 0000                   l845 0000                   l871 0000  
                 l839 0000                   l865 0035                   l857 0000                   l883 005F  
                 l875 0096                   l859 0000                   l877 0053                   l895 007B  
                 l879 0000                   l889 006D                   _GIE 005F                   _RB6 0036  
                 _RB7 0037                   u307 0083                   u317 0091                   _PR2 0092  
                 u327 009B                   u337 00A5                   u194 003F                   u347 00AE  
                 u267 004D                   u195 003D                   u277 0059                   u287 0067  
                 u297 0075                   _isr 00B4                  ?_isr 0078                  _PEIE 005E  
                _mp_1 0072                  _main 000B                  btemp 007E                  start 000A  
               ??_isr 0078                 ?_main 0078                 _CMCON 001F                 _T2CON 0012  
               i1l353 0000                 i1l805 00F2                 i1l761 0000                 i1l771 00C6  
               i1l763 0000                 i1l773 0000                 i1l791 0000                 i1l783 00D4  
               i1l767 0000                 i1l785 0000                 i1l777 00CD                 i1l795 00E2  
               i1l779 0000                 i1l797 0000                 i1l789 00DB                 i1l799 00E4  
               _PORTA 0005                 _PORTB 0006                 _TRISA 0085                 _TRISB 0086  
               _mp_10 0073                 _ora_1 0074                 main@i 007B                 pclath 000A  
               status 0003                 wtemp0 007E          __end_of_main 00B4                ??_main 007A  
              _INTCON 000B                _TMR2IE 0461                _TMR2IF 0061                _ora_10 0075  
              _perc_1 0076                saved_w 007E        __pcstackCOMMON 0078            __pmaintext 000B  
          __pintentry 0004               _CCP1CON 0017            _init_setup 00FC               _perc_10 0077  
        __size_of_isr 0048  end_of_initialization 011B           ?_init_setup 0078   start_initialization 0113  
         __end_of_isr 00FC           __pbssCOMMON 0070   __size_of_init_setup 0017     interrupt_function 0004  
        ??_init_setup 007A              __ptext42 0000              __ptext43 00FC              __ptext44 00B4  
            __ptext45 0000         __size_of_main 00A9    __end_of_init_setup 0113              intlevel1 0000  
         _timer_count 0070  
